<?xml version="1.0" encoding="UTF-8"?>
<!-- Generated by org.testng.reporters.JUnitReportReporter -->
<testsuite skipped="0" hostname="DESKTOP-T4B78EE" name="com.orbitor.test.ValidLogin" tests="2" failures="0" timestamp="20 Aug 2017 06:55:33 GMT" time="77.081" errors="0">
  <testcase name="testValidLogin" time="37.145" classname="com.orbitor.test.ValidLogin"/>
  <testcase name="testValidLogin" time="39.936" classname="com.orbitor.test.ValidLogin"/>
</testsuite> <!-- com.orbitor.test.ValidLogin -->
