<?xml version="1.0" encoding="UTF-8"?>
<!-- Generated by org.testng.reporters.JUnitReportReporter -->
<testsuite skipped="0" hostname="DESKTOP-T4B78EE" name="com.orbitor.test.InvalidLogin" tests="2" failures="0" timestamp="20 Aug 2017 06:55:33 GMT" time="88.603" errors="0">
  <testcase name="testInvalidLogin" time="46.690" classname="com.orbitor.test.InvalidLogin"/>
  <testcase name="testInvalidLogin" time="41.913" classname="com.orbitor.test.InvalidLogin"/>
</testsuite> <!-- com.orbitor.test.InvalidLogin -->
