<?xml version="1.0" encoding="UTF-8"?>
<!-- Generated by org.testng.reporters.JUnitReportReporter -->
<testsuite name="com.orbitor.test.ValidLogin" tests="2" time="60.866" ignored="0" failures="0" timestamp="20 Aug 2017 04:49:43 GMT" skipped="0" hostname="DESKTOP-T4B78EE" errors="0">
  <testcase name="testValidLogin" time="26.732" classname="com.orbitor.test.ValidLogin"/>
  <testcase name="testValidLogin" time="34.134" classname="com.orbitor.test.ValidLogin"/>
</testsuite> <!-- com.orbitor.test.ValidLogin -->
