<?xml version="1.0" encoding="UTF-8"?>
<!-- Generated by org.testng.reporters.JUnitReportReporter -->
<testsuite name="com.orbitor.test.VerifyProductVersion" tests="2" time="55.272" ignored="0" failures="0" timestamp="20 Aug 2017 04:49:43 GMT" skipped="0" hostname="DESKTOP-T4B78EE" errors="0">
  <testcase name="testInvalidLogin" time="26.055" classname="com.orbitor.test.VerifyProductVersion"/>
  <testcase name="testInvalidLogin" time="29.217" classname="com.orbitor.test.VerifyProductVersion"/>
</testsuite> <!-- com.orbitor.test.VerifyProductVersion -->
